Array
(
    [images] => Array
        (
            [name] => Array
                (
                    [0] => capture-116.png
                )

            [type] => Array
                (
                    [0] => image/png
                )

            [tmp_name] => Array
                (
                    [0] => C:\xampp\tmp\php4CB5.tmp
                )

            [error] => Array
                (
                    [0] => 0
                )

            [size] => Array
                (
                    [0] => 330684
                )

        )

)
